<?xml version="1.0" encoding="UTF-8"?>
<!-- Generated by org.testng.reporters.JUnitXMLReporter -->
<testsuite ignored="2" hostname="DESKTOP-P8351SK" failures="0" tests="1" name="DemoOpenCart Login" time="0.004" errors="0" timestamp="2023-05-12T10:07:16 IST">
  <testcase classname="TestCasesWithinGroups.EasyCalLogin" name="EasyCalculaAdminLogin" time="0.001"/>
  <testcase classname="TestCasesWithinGroups.EasyCalLogin" name="EasyCalculaEmployeeLogin" time="0.0">
    <ignored/>
  </testcase> <!-- EasyCalculaEmployeeLogin -->
  <testcase classname="TestCasesWithinGroups.EasyCalLogin" name="EasyCalculaLogin" time="0.0">
    <ignored/>
  </testcase> <!-- EasyCalculaLogin -->
</testsuite> <!-- DemoOpenCart Login -->
