<?xml version="1.0" encoding="UTF-8"?>
<!-- Generated by org.testng.reporters.JUnitXMLReporter -->
<testsuite ignored="2" hostname="DESKTOP-P8351SK" failures="0" tests="1" name="EasyCalLogin" time="0.007" errors="0" timestamp="2023-05-12T10:07:16 IST">
  <testcase classname="TestCasesWithinGroups.DemoOpenCartLogin" name="DemoOpenEmployeeLogin" time="0.002"/>
  <testcase classname="TestCasesWithinGroups.DemoOpenCartLogin" name="DemoOpenLogin" time="0.0">
    <ignored/>
  </testcase> <!-- DemoOpenLogin -->
  <testcase classname="TestCasesWithinGroups.DemoOpenCartLogin" name="DemoOpenAdminLogin" time="0.0">
    <ignored/>
  </testcase> <!-- DemoOpenAdminLogin -->
</testsuite> <!-- EasyCalLogin -->
