<?xml version="1.0" encoding="UTF-8"?>
<!-- Generated by org.testng.reporters.JUnitXMLReporter -->
<testsuite ignored="2" hostname="DESKTOP-P8351SK" failures="0" tests="1" name="OrangeHRM Login" time="0.042" errors="0" timestamp="2023-05-12T10:07:16 IST">
  <testcase classname="TestCasesWithinGroups.OrangeHRMLogin" name="OrangeLogin" time="0.008"/>
  <testcase classname="TestCasesWithinGroups.OrangeHRMLogin" name="OrangeAdminLogin" time="0.0">
    <ignored/>
  </testcase> <!-- OrangeAdminLogin -->
  <testcase classname="TestCasesWithinGroups.OrangeHRMLogin" name="OrangeEmployeeLogin" time="0.0">
    <ignored/>
  </testcase> <!-- OrangeEmployeeLogin -->
</testsuite> <!-- OrangeHRM Login -->
